<?xml version="1.0" encoding="UTF-8"?>
<testng-results skipped="1" failed="1" ignored="1" total="6" passed="3">
  <reporter-output>
  </reporter-output>
  <suite name="Default suite" duration-ms="5684" started-at="2020-04-17T11:39:29 IST" finished-at="2020-04-17T11:39:35 IST">
    <groups>
    </groups>
    <test name="Default test" duration-ms="5684" started-at="2020-04-17T11:39:29 IST" finished-at="2020-04-17T11:39:35 IST">
      <class name="com.testng.BasicExtentReport">
        <test-method status="PASS" signature="startReport(java.lang.String, java.lang.String)[pri:0, instance:com.testng.BasicExtentReport@7113b13f]" name="startReport" is-config="true" duration-ms="2985" started-at="2020-04-17T11:39:29 IST" finished-at="2020-04-17T11:39:32 IST">
          <params>
            <param index="0">
              <value>
                <![CDATA[param-val-not-found]]>
              </value>
            </param>
            <param index="1">
              <value>
                <![CDATA[param-val-not-found]]>
              </value>
            </param>
          </params>
          <reporter-output>
          </reporter-output>
        </test-method> <!-- startReport -->
        <test-method status="PASS" signature="testCase1()[pri:0, instance:com.testng.BasicExtentReport@7113b13f]" name="testCase1" duration-ms="67" started-at="2020-04-17T11:39:32 IST" finished-at="2020-04-17T11:39:32 IST">
          <reporter-output>
          </reporter-output>
        </test-method> <!-- testCase1 -->
        <test-method status="PASS" signature="getResult(org.testng.ITestResult)[pri:0, instance:com.testng.BasicExtentReport@7113b13f]" name="getResult" is-config="true" duration-ms="58" started-at="2020-04-17T11:39:32 IST" finished-at="2020-04-17T11:39:32 IST">
          <params>
            <param index="0">
              <value>
                <![CDATA[[TestResult name=testCase1 status=SUCCESS method=BasicExtentReport.testCase1()[pri:0, instance:com.testng.BasicExtentReport@7113b13f] output={null}]]]>
              </value>
            </param>
          </params>
          <reporter-output>
          </reporter-output>
        </test-method> <!-- getResult -->
        <test-method status="PASS" signature="testCase2()[pri:0, instance:com.testng.BasicExtentReport@7113b13f]" name="testCase2" duration-ms="1" started-at="2020-04-17T11:39:32 IST" finished-at="2020-04-17T11:39:32 IST">
          <reporter-output>
          </reporter-output>
        </test-method> <!-- testCase2 -->
        <test-method status="PASS" signature="getResult(org.testng.ITestResult)[pri:0, instance:com.testng.BasicExtentReport@7113b13f]" name="getResult" is-config="true" duration-ms="1" started-at="2020-04-17T11:39:32 IST" finished-at="2020-04-17T11:39:32 IST">
          <params>
            <param index="0">
              <value>
                <![CDATA[[TestResult name=testCase2 status=SUCCESS method=BasicExtentReport.testCase2()[pri:0, instance:com.testng.BasicExtentReport@7113b13f] output={null}]]]>
              </value>
            </param>
          </params>
          <reporter-output>
          </reporter-output>
        </test-method> <!-- getResult -->
        <test-method status="PASS" signature="testCase3()[pri:0, instance:com.testng.BasicExtentReport@7113b13f]" name="testCase3" duration-ms="2" started-at="2020-04-17T11:39:32 IST" finished-at="2020-04-17T11:39:32 IST">
          <reporter-output>
          </reporter-output>
        </test-method> <!-- testCase3 -->
        <test-method status="FAIL" signature="testCase4()[pri:0, instance:com.testng.BasicExtentReport@7113b13f]" name="testCase4" duration-ms="2" started-at="2020-04-17T11:39:32 IST" finished-at="2020-04-17T11:39:32 IST">
          <exception class="java.lang.AssertionError">
            <message>
              <![CDATA[expected [true] but found [false]]]>
            </message>
            <full-stacktrace>
              <![CDATA[java.lang.AssertionError: expected [true] but found [false]
at org.testng.Assert.fail(Assert.java:97)
at org.testng.Assert.failNotEquals(Assert.java:969)
at org.testng.Assert.assertTrue(Assert.java:43)
at org.testng.Assert.assertTrue(Assert.java:53)
at com.testng.BasicExtentReport.testCase4(BasicExtentReport.java:79)
at sun.reflect.NativeMethodAccessorImpl.invoke0(Native Method)
at sun.reflect.NativeMethodAccessorImpl.invoke(NativeMethodAccessorImpl.java:62)
at sun.reflect.DelegatingMethodAccessorImpl.invoke(DelegatingMethodAccessorImpl.java:43)
at java.lang.reflect.Method.invoke(Method.java:498)
at org.testng.internal.MethodInvocationHelper.invokeMethod(MethodInvocationHelper.java:134)
at org.testng.internal.TestInvoker.invokeMethod(TestInvoker.java:597)
at org.testng.internal.TestInvoker.invokeTestMethod(TestInvoker.java:173)
at org.testng.internal.MethodRunner.runInSequence(MethodRunner.java:46)
at org.testng.internal.TestInvoker$MethodInvocationAgent.invoke(TestInvoker.java:816)
at org.testng.internal.TestInvoker.invokeTestMethods(TestInvoker.java:146)
at org.testng.internal.TestMethodWorker.invokeTestMethods(TestMethodWorker.java:146)
at org.testng.internal.TestMethodWorker.run(TestMethodWorker.java:128)
at java.util.ArrayList.forEach(ArrayList.java:1257)
at org.testng.TestRunner.privateRun(TestRunner.java:766)
at org.testng.TestRunner.run(TestRunner.java:587)
at org.testng.SuiteRunner.runTest(SuiteRunner.java:384)
at org.testng.SuiteRunner.runSequentially(SuiteRunner.java:378)
at org.testng.SuiteRunner.privateRun(SuiteRunner.java:337)
at org.testng.SuiteRunner.run(SuiteRunner.java:286)
at org.testng.SuiteRunnerWorker.runSuite(SuiteRunnerWorker.java:53)
at org.testng.SuiteRunnerWorker.run(SuiteRunnerWorker.java:96)
at org.testng.TestNG.runSuitesSequentially(TestNG.java:1187)
at org.testng.TestNG.runSuitesLocally(TestNG.java:1109)
at org.testng.TestNG.runSuites(TestNG.java:1039)
at org.testng.TestNG.run(TestNG.java:1007)
at org.testng.remote.AbstractRemoteTestNG.run(AbstractRemoteTestNG.java:115)
at org.testng.remote.RemoteTestNG.initAndRun(RemoteTestNG.java:251)
at org.testng.remote.RemoteTestNG.main(RemoteTestNG.java:77)
]]>
            </full-stacktrace>
          </exception> <!-- java.lang.AssertionError -->
          <reporter-output>
          </reporter-output>
        </test-method> <!-- testCase4 -->
        <test-method status="PASS" signature="getResult(org.testng.ITestResult)[pri:0, instance:com.testng.BasicExtentReport@7113b13f]" name="getResult" is-config="true" duration-ms="0" started-at="2020-04-17T11:39:32 IST" finished-at="2020-04-17T11:39:32 IST">
          <params>
            <param index="0">
              <value>
                <![CDATA[[TestResult name=testCase3 status=SUCCESS method=BasicExtentReport.testCase3()[pri:0, instance:com.testng.BasicExtentReport@7113b13f] output={null}]]]>
              </value>
            </param>
          </params>
          <reporter-output>
          </reporter-output>
        </test-method> <!-- getResult -->
        <test-method status="PASS" signature="getResult(org.testng.ITestResult)[pri:0, instance:com.testng.BasicExtentReport@7113b13f]" name="getResult" is-config="true" duration-ms="4" started-at="2020-04-17T11:39:32 IST" finished-at="2020-04-17T11:39:32 IST">
          <params>
            <param index="0">
              <value>
                <![CDATA[[TestResult name=testCase4 status=FAILURE method=BasicExtentReport.testCase4()[pri:0, instance:com.testng.BasicExtentReport@7113b13f] output={null}]]]>
              </value>
            </param>
          </params>
          <reporter-output>
          </reporter-output>
        </test-method> <!-- getResult -->
        <test-method status="SKIP" signature="testCase5()[pri:0, instance:com.testng.BasicExtentReport@7113b13f]" name="testCase5" duration-ms="1" started-at="2020-04-17T11:39:32 IST" finished-at="2020-04-17T11:39:32 IST">
          <exception class="org.testng.SkipException">
            <message>
              <![CDATA[Skipping this test with exception]]>
            </message>
            <full-stacktrace>
              <![CDATA[org.testng.SkipException: Skipping this test with exception
at com.testng.BasicExtentReport.testCase5(BasicExtentReport.java:85)
at sun.reflect.NativeMethodAccessorImpl.invoke0(Native Method)
at sun.reflect.NativeMethodAccessorImpl.invoke(NativeMethodAccessorImpl.java:62)
at sun.reflect.DelegatingMethodAccessorImpl.invoke(DelegatingMethodAccessorImpl.java:43)
at java.lang.reflect.Method.invoke(Method.java:498)
at org.testng.internal.MethodInvocationHelper.invokeMethod(MethodInvocationHelper.java:134)
at org.testng.internal.TestInvoker.invokeMethod(TestInvoker.java:597)
at org.testng.internal.TestInvoker.invokeTestMethod(TestInvoker.java:173)
at org.testng.internal.MethodRunner.runInSequence(MethodRunner.java:46)
at org.testng.internal.TestInvoker$MethodInvocationAgent.invoke(TestInvoker.java:816)
at org.testng.internal.TestInvoker.invokeTestMethods(TestInvoker.java:146)
at org.testng.internal.TestMethodWorker.invokeTestMethods(TestMethodWorker.java:146)
at org.testng.internal.TestMethodWorker.run(TestMethodWorker.java:128)
at java.util.ArrayList.forEach(ArrayList.java:1257)
at org.testng.TestRunner.privateRun(TestRunner.java:766)
at org.testng.TestRunner.run(TestRunner.java:587)
at org.testng.SuiteRunner.runTest(SuiteRunner.java:384)
at org.testng.SuiteRunner.runSequentially(SuiteRunner.java:378)
at org.testng.SuiteRunner.privateRun(SuiteRunner.java:337)
at org.testng.SuiteRunner.run(SuiteRunner.java:286)
at org.testng.SuiteRunnerWorker.runSuite(SuiteRunnerWorker.java:53)
at org.testng.SuiteRunnerWorker.run(SuiteRunnerWorker.java:96)
at org.testng.TestNG.runSuitesSequentially(TestNG.java:1187)
at org.testng.TestNG.runSuitesLocally(TestNG.java:1109)
at org.testng.TestNG.runSuites(TestNG.java:1039)
at org.testng.TestNG.run(TestNG.java:1007)
at org.testng.remote.AbstractRemoteTestNG.run(AbstractRemoteTestNG.java:115)
at org.testng.remote.RemoteTestNG.initAndRun(RemoteTestNG.java:251)
at org.testng.remote.RemoteTestNG.main(RemoteTestNG.java:77)
]]>
            </full-stacktrace>
          </exception> <!-- org.testng.SkipException -->
          <reporter-output>
          </reporter-output>
        </test-method> <!-- testCase5 -->
        <test-method status="PASS" signature="getResult(org.testng.ITestResult)[pri:0, instance:com.testng.BasicExtentReport@7113b13f]" name="getResult" is-config="true" duration-ms="2" started-at="2020-04-17T11:39:32 IST" finished-at="2020-04-17T11:39:32 IST">
          <params>
            <param index="0">
              <value>
                <![CDATA[[TestResult name=testCase5 status=SKIP method=BasicExtentReport.testCase5()[pri:0, instance:com.testng.BasicExtentReport@7113b13f] output={null}]]]>
              </value>
            </param>
          </params>
          <reporter-output>
          </reporter-output>
        </test-method> <!-- getResult -->
        <test-method status="PASS" signature="tearDown()[pri:0, instance:com.testng.BasicExtentReport@7113b13f]" name="tearDown" is-config="true" duration-ms="2389" started-at="2020-04-17T11:39:32 IST" finished-at="2020-04-17T11:39:35 IST">
          <reporter-output>
          </reporter-output>
        </test-method> <!-- tearDown -->
      </class> <!-- com.testng.BasicExtentReport -->
    </test> <!-- Default test -->
  </suite> <!-- Default suite -->
</testng-results>
